<?xml version="1.0" encoding="utf-8"?><testsuites name="pytest tests"><testsuite name="pytest" errors="0" failures="0" skipped="0" tests="10" time="4.986" timestamp="2026-05-22T02:48:38.419867+00:00" hostname="agent-env-cf71fcbd-d994-4881-966a-26ad41158f77"><testcase classname="backend.tests.test_iteration7.TestLogin" name="test_login_chocolate2026" time="0.425" /><testcase classname="backend.tests.test_iteration7.TestFiltersCascade" name="test_filters_includes_facultad_programa_map" time="0.567" /><testcase classname="backend.tests.test_iteration7.TestFiltersCascade" name="test_filters_excludes_seleccione" time="0.224" /><testcase classname="backend.tests.test_iteration7.TestCaracterizacionSisben" name="test_overview_has_sisben_blocks" time="0.681" /><testcase classname="backend.tests.test_iteration7.TestCaracterizacionSisben" name="test_overview_sisben_nivel_labels" time="0.675" /><testcase classname="backend.tests.test_iteration7.TestCaracterizacionSisben" name="test_overview_excludes_seleccione_in_groups" time="0.670" /><testcase classname="backend.tests.test_iteration7.TestCaracterizacionSisben" name="test_filter_facultad_ingenieria_reduces_total" time="1.272" /><testcase classname="backend.tests.test_iteration7.TestTerritorialDivipola" name="test_territorial_has_445_plus_municipios" time="0.175" /><testcase classname="backend.tests.test_iteration7.TestTerritorialDivipola" name="test_divipola_has_international_cities" time="0.119" /><testcase classname="backend.tests.test_iteration7.TestTerritorialDivipola" name="test_divipola_total_count" time="0.114" /></testsuite></testsuites>