<?xml version="1.0" encoding="utf-8"?><testsuites name="pytest tests"><testsuite name="pytest" errors="0" failures="0" skipped="0" tests="10" time="12.226" timestamp="2026-05-22T01:22:21.708467+00:00" hostname="agent-env-cf71fcbd-d994-4881-966a-26ad41158f77"><testcase classname="backend.tests.test_iteration4.TestDivipolaAdmin" name="test_list_municipios" time="0.885" /><testcase classname="backend.tests.test_iteration4.TestDivipolaAdmin" name="test_paises" time="0.133" /><testcase classname="backend.tests.test_iteration4.TestDivipolaAdmin" name="test_create_municipio" time="0.221" /><testcase classname="backend.tests.test_iteration4.TestExports" name="test_export_students_xlsx" time="9.854" /><testcase classname="backend.tests.test_iteration4.TestExports" name="test_export_dashboard_ejecutivo" time="0.220" /><testcase classname="backend.tests.test_iteration4.TestExports" name="test_export_dashboard_caracterizacion" time="0.301" /><testcase classname="backend.tests.test_iteration4.TestExports" name="test_export_dashboard_territorial" time="0.151" /><testcase classname="backend.tests.test_iteration4.TestExports" name="test_export_divipola" time="0.140" /><testcase classname="backend.tests.test_iteration4.TestHistorical" name="test_includes_2026_1" time="0.104" /><testcase classname="backend.tests.test_iteration4.TestFacultades" name="test_six_facultades" time="0.139" /></testsuite></testsuites>