<?xml version="1.0" encoding="utf-8"?><testsuites name="pytest tests"><testsuite name="pytest" errors="0" failures="0" skipped="0" tests="12" time="8.077" timestamp="2026-05-22T03:18:00.591674+00:00" hostname="agent-env-cf71fcbd-d994-4881-966a-26ad41158f77"><testcase classname="backend.tests.test_iteration8" name="test_template_download[estudiantes]" time="0.671" /><testcase classname="backend.tests.test_iteration8" name="test_template_download[notas]" time="0.117" /><testcase classname="backend.tests.test_iteration8" name="test_template_download[docente_materia]" time="0.134" /><testcase classname="backend.tests.test_iteration8" name="test_bulk_notas_response" time="0.433" /><testcase classname="backend.tests.test_iteration8" name="test_bulk_docente_materia" time="0.366" /><testcase classname="backend.tests.test_iteration8" name="test_filters_has_docentes_and_materias" time="0.240" /><testcase classname="backend.tests.test_iteration8" name="test_filters_includes_new_docente" time="0.000" /><testcase classname="backend.tests.test_iteration8" name="test_dashboards_executive_filter_by_docente" time="0.136" /><testcase classname="backend.tests.test_iteration8" name="test_caracterizacion_overview_filter_by_docente" time="0.173" /><testcase classname="backend.tests.test_iteration8" name="test_exports_students_with_facultad" time="5.146" /><testcase classname="backend.tests.test_iteration8" name="test_exports_notas_xlsx" time="0.201" /><testcase classname="backend.tests.test_iteration8" name="test_exports_docente_materia_xlsx" time="0.141" /></testsuite></testsuites>