<?xml version="1.0" encoding="utf-8"?><testsuites name="pytest tests"><testsuite name="pytest" errors="0" failures="0" skipped="0" tests="8" time="3.244" timestamp="2026-05-22T00:36:33.406949+00:00" hostname="agent-env-cf71fcbd-d994-4881-966a-26ad41158f77"><testcase classname="backend.tests.test_docente" name="test_docente_login_returns_token_and_role" time="0.424" /><testcase classname="backend.tests.test_docente" name="test_docente_me_full_payload" time="0.602" /><testcase classname="backend.tests.test_docente" name="test_docente_me_requires_auth" time="0.156" /><testcase classname="backend.tests.test_docente" name="test_docente_students_list" time="0.193" /><testcase classname="backend.tests.test_docente" name="test_docente_students_riesgo_filter" time="0.191" /><testcase classname="backend.tests.test_docente" name="test_docente_students_materia_filter" time="0.402" /><testcase classname="backend.tests.test_docente" name="test_superadmin_login_and_executive" time="0.904" /><testcase classname="backend.tests.test_docente" name="test_docente_can_call_executive_endpoint" time="0.197" /></testsuite></testsuites>