<?xml version="1.0" encoding="utf-8"?><testsuites name="pytest tests"><testsuite name="pytest" errors="0" failures="3" skipped="0" tests="23" time="28.297" timestamp="2026-05-22T00:06:49.961796+00:00" hostname="agent-env-cf71fcbd-d994-4881-966a-26ad41158f77"><testcase classname="backend.tests.backend_test.TestHealth" name="test_root" time="1.342" /><testcase classname="backend.tests.backend_test.TestAuth" name="test_login_success" time="0.353" /><testcase classname="backend.tests.backend_test.TestAuth" name="test_login_invalid" time="0.359" /><testcase classname="backend.tests.backend_test.TestAuth" name="test_me" time="0.489" /><testcase classname="backend.tests.backend_test.TestAuth" name="test_me_unauth" time="0.129" /><testcase classname="backend.tests.backend_test.TestDashboards" name="test_executive_kpis" time="0.204" /><testcase classname="backend.tests.backend_test.TestDashboards" name="test_executive_filter_facultad" time="0.400" /><testcase classname="backend.tests.backend_test.TestDashboards" name="test_academic" time="0.206" /><testcase classname="backend.tests.backend_test.TestDashboards" name="test_territorial" time="0.221" /><testcase classname="backend.tests.backend_test.TestDashboards" name="test_historical" time="0.104" /><testcase classname="backend.tests.backend_test.TestDashboards" name="test_filters" time="0.195" /><testcase classname="backend.tests.backend_test.TestDivipola" name="test_municipios" time="0.112" /><testcase classname="backend.tests.backend_test.TestAdmin" name="test_list_users" time="0.113" /><testcase classname="backend.tests.backend_test.TestAdmin" name="test_create_docente_user_and_cleanup" time="0.337"><failure message="AssertionError: Internal Server Error&#10;assert 500 == 200&#10; +  where 500 = &lt;Response [500]&gt;.status_code">backend/tests/backend_test.py:176: in test_create_docente_user_and_cleanup
    assert r.status_code == 200, r.text
E   AssertionError: Internal Server Error
E   assert 500 == 200
E    +  where 500 = &lt;Response [500]&gt;.status_code</failure></testcase><testcase classname="backend.tests.backend_test.TestAdmin" name="test_catalog_list[facultades-facultades]" time="0.131" /><testcase classname="backend.tests.backend_test.TestAdmin" name="test_catalog_list[programas-programas]" time="0.154" /><testcase classname="backend.tests.backend_test.TestAdmin" name="test_catalog_list[materias-materias]" time="0.182" /><testcase classname="backend.tests.backend_test.TestAdmin" name="test_catalog_list[periodos-periodos]" time="0.141" /><testcase classname="backend.tests.backend_test.TestAdmin" name="test_catalog_create_and_delete" time="0.240" /><testcase classname="backend.tests.backend_test.TestAdmin" name="test_docente_materia_create" time="0.352"><failure message="assert 500 == 200&#10; +  where 500 = &lt;Response [500]&gt;.status_code">backend/tests/backend_test.py:220: in test_docente_materia_create
    assert ru.status_code == 200
E   assert 500 == 200
E    +  where 500 = &lt;Response [500]&gt;.status_code</failure></testcase><testcase classname="backend.tests.backend_test.TestUploads" name="test_list_uploads" time="0.170" /><testcase classname="backend.tests.backend_test.TestUploads" name="test_preview_excel" time="21.302" /><testcase classname="backend.tests.backend_test.TestAI" name="test_insights_ejecutivo" time="0.772"><failure message="AssertionError: {&quot;detail&quot;:&quot;Error generando insight: Failed to generate chat completion: litellm.BadRequestError: OpenAIException - {'error': '/chat/completions: Invalid model name passed in model=gpt-5.4. Call `/v1/models` to view available models for your key.'}&quot;}&#10;assert 500 == 200&#10; +  where 500 = &lt;Response [500]&gt;.status_code">backend/tests/backend_test.py:274: in test_insights_ejecutivo
    assert r.status_code == 200, r.text
E   AssertionError: {"detail":"Error generando insight: Failed to generate chat completion: litellm.BadRequestError: OpenAIException - {'error': '/chat/completions: Invalid model name passed in model=gpt-5.4. Call `/v1/models` to view available models for your key.'}"}
E   assert 500 == 200
E    +  where 500 = &lt;Response [500]&gt;.status_code</failure></testcase></testsuite></testsuites>