<?xml version="1.0" encoding="utf-8"?><testsuites name="pytest tests"><testsuite name="pytest" errors="0" failures="0" skipped="0" tests="5" time="2.003" timestamp="2026-05-22T00:13:59.884470+00:00" hostname="agent-env-cf71fcbd-d994-4881-966a-26ad41158f77"><testcase classname="backend.tests.backend_test.TestAuth" name="test_login_success" time="0.415" /><testcase classname="backend.tests.backend_test.TestAuth" name="test_login_invalid" time="0.339" /><testcase classname="backend.tests.backend_test.TestDashboards" name="test_executive_kpis" time="0.550" /><testcase classname="backend.tests.backend_test.TestDashboards" name="test_executive_filter_facultad" time="0.433" /><testcase classname="backend.tests.backend_test.TestDashboards" name="test_filters" time="0.187" /></testsuite></testsuites>