<?xml version="1.0" encoding="utf-8"?><testsuites name="pytest tests"><testsuite name="pytest" errors="0" failures="0" skipped="1" tests="16" time="3.501" timestamp="2026-08-09T22:01:01.705785+00:00" hostname="agent-env-cf71fcbd-d994-4881-966a-26ad41158f77"><testcase classname="backend.tests.test_config_and_ficha" name="test_overview_superadmin" time="0.401" /><testcase classname="backend.tests.test_config_and_ficha" name="test_overview_direccion_allowed" time="0.398" /><testcase classname="backend.tests.test_config_and_ficha" name="test_overview_profesor_forbidden" time="0.367" /><testcase classname="backend.tests.test_config_and_ficha" name="test_smtp_read_superadmin" time="0.049" /><testcase classname="backend.tests.test_config_and_ficha" name="test_smtp_read_direccion_forbidden" time="0.057" /><testcase classname="backend.tests.test_config_and_ficha" name="test_smtp_read_profesor_forbidden" time="0.046" /><testcase classname="backend.tests.test_config_and_ficha" name="test_smtp_update_persist_and_empty_password_not_overwrite" time="0.330" /><testcase classname="backend.tests.test_config_and_ficha" name="test_smtp_test_returns_400_when_disabled" time="0.047" /><testcase classname="backend.tests.test_config_and_ficha" name="test_ai_read_and_toggle_provider" time="0.137" /><testcase classname="backend.tests.test_config_and_ficha" name="test_ai_invalid_provider" time="0.044" /><testcase classname="backend.tests.test_config_and_ficha" name="test_ai_forbidden_for_profesor" time="0.047" /><testcase classname="backend.tests.test_config_and_ficha" name="test_send_credentials_one_smtp_disabled" time="0.674" /><testcase classname="backend.tests.test_config_and_ficha" name="test_send_credentials_bulk_smtp_disabled" time="0.000"><skipped type="pytest.skip" message="Destructive: resets password of ALL profesors before checking SMTP; also &gt;60s → 502. See critical bug report.">/app/backend/tests/test_config_and_ficha.py:219: Destructive: resets password of ALL profesors before checking SMTP; also &gt;60s → 502. See critical bug report.</skipped></testcase><testcase classname="backend.tests.test_config_and_ficha" name="test_send_credentials_bulk_forbidden_for_direccion" time="0.046" /><testcase classname="backend.tests.test_config_and_ficha" name="test_facultad_ficha_structure" time="0.694" /><testcase classname="backend.tests.test_config_and_ficha" name="test_facultad_ficha_forbidden_profesor" time="0.098" /></testsuite></testsuites>